<?xml version="1.0" encoding="UTF-8"?>
<testsuite xmlns:xsi="http://www.w3.org/2001/XMLSchema-instance" xsi:noNamespaceSchemaLocation="https://maven.apache.org/surefire/maven-surefire-plugin/xsd/surefire-test-report.xsd" name="com.snaker.system.DemoApplicationTests" time="5.869" tests="2" errors="1" skipped="0" failures="0">
  <properties>
    <property name="sun.desktop" value="windows"/>
    <property name="awt.toolkit" value="sun.awt.windows.WToolkit"/>
    <property name="file.encoding.pkg" value="sun.io"/>
    <property name="java.specification.version" value="1.8"/>
    <property name="sun.cpu.isalist" value="amd64"/>
    <property name="sun.jnu.encoding" value="GBK"/>
    <property name="java.class.path" value="F:\project\exercisesys\springboot-snakerflow\target\test-classes;F:\project\exercisesys\springboot-snakerflow\target\classes;F:\repository\org\springframework\boot\spring-boot-starter\2.3.5.RELEASE\spring-boot-starter-2.3.5.RELEASE.jar;F:\repository\org\springframework\boot\spring-boot\2.3.5.RELEASE\spring-boot-2.3.5.RELEASE.jar;F:\repository\org\springframework\boot\spring-boot-starter-logging\2.3.5.RELEASE\spring-boot-starter-logging-2.3.5.RELEASE.jar;F:\repository\org\apache\logging\log4j\log4j-to-slf4j\2.13.3\log4j-to-slf4j-2.13.3.jar;F:\repository\org\apache\logging\log4j\log4j-api\2.13.3\log4j-api-2.13.3.jar;F:\repository\org\slf4j\jul-to-slf4j\1.7.30\jul-to-slf4j-1.7.30.jar;F:\repository\jakarta\annotation\jakarta.annotation-api\1.3.5\jakarta.annotation-api-1.3.5.jar;F:\repository\org\springframework\spring-core\5.2.10.RELEASE\spring-core-5.2.10.RELEASE.jar;F:\repository\org\springframework\spring-jcl\5.2.10.RELEASE\spring-jcl-5.2.10.RELEASE.jar;F:\repository\org\yaml\snakeyaml\1.26\snakeyaml-1.26.jar;F:\repository\org\springframework\boot\spring-boot-starter-jdbc\2.3.5.RELEASE\spring-boot-starter-jdbc-2.3.5.RELEASE.jar;F:\repository\com\zaxxer\HikariCP\3.4.5\HikariCP-3.4.5.jar;F:\repository\org\springframework\spring-jdbc\5.2.10.RELEASE\spring-jdbc-5.2.10.RELEASE.jar;F:\repository\org\springframework\boot\spring-boot-autoconfigure\2.3.5.RELEASE\spring-boot-autoconfigure-2.3.5.RELEASE.jar;F:\repository\org\springframework\boot\spring-boot-starter-web\2.3.5.RELEASE\spring-boot-starter-web-2.3.5.RELEASE.jar;F:\repository\org\springframework\boot\spring-boot-starter-json\2.3.5.RELEASE\spring-boot-starter-json-2.3.5.RELEASE.jar;F:\repository\com\fasterxml\jackson\core\jackson-databind\2.11.3\jackson-databind-2.11.3.jar;F:\repository\com\fasterxml\jackson\core\jackson-annotations\2.11.3\jackson-annotations-2.11.3.jar;F:\repository\com\fasterxml\jackson\core\jackson-core\2.11.3\jackson-core-2.11.3.jar;F:\repository\com\fasterxml\jackson\datatype\jackson-datatype-jdk8\2.11.3\jackson-datatype-jdk8-2.11.3.jar;F:\repository\com\fasterxml\jackson\datatype\jackson-datatype-jsr310\2.11.3\jackson-datatype-jsr310-2.11.3.jar;F:\repository\com\fasterxml\jackson\module\jackson-module-parameter-names\2.11.3\jackson-module-parameter-names-2.11.3.jar;F:\repository\org\springframework\spring-webmvc\5.2.10.RELEASE\spring-webmvc-5.2.10.RELEASE.jar;F:\repository\org\springframework\spring-expression\5.2.10.RELEASE\spring-expression-5.2.10.RELEASE.jar;F:\repository\org\springframework\boot\spring-boot-starter-tomcat\2.3.5.RELEASE\spring-boot-starter-tomcat-2.3.5.RELEASE.jar;F:\repository\org\apache\tomcat\embed\tomcat-embed-core\9.0.39\tomcat-embed-core-9.0.39.jar;F:\repository\org\glassfish\jakarta.el\3.0.3\jakarta.el-3.0.3.jar;F:\repository\org\apache\tomcat\embed\tomcat-embed-websocket\9.0.39\tomcat-embed-websocket-9.0.39.jar;F:\repository\org\springframework\boot\spring-boot-configuration-processor\2.3.5.RELEASE\spring-boot-configuration-processor-2.3.5.RELEASE.jar;F:\repository\mysql\mysql-connector-java\8.0.17\mysql-connector-java-8.0.17.jar;F:\repository\org\springframework\boot\spring-boot-starter-test\2.3.5.RELEASE\spring-boot-starter-test-2.3.5.RELEASE.jar;F:\repository\org\springframework\boot\spring-boot-test\2.3.5.RELEASE\spring-boot-test-2.3.5.RELEASE.jar;F:\repository\org\springframework\boot\spring-boot-test-autoconfigure\2.3.5.RELEASE\spring-boot-test-autoconfigure-2.3.5.RELEASE.jar;F:\repository\com\jayway\jsonpath\json-path\2.4.0\json-path-2.4.0.jar;F:\repository\net\minidev\json-smart\2.3\json-smart-2.3.jar;F:\repository\net\minidev\accessors-smart\1.2\accessors-smart-1.2.jar;F:\repository\org\ow2\asm\asm\5.0.4\asm-5.0.4.jar;F:\repository\jakarta\xml\bind\jakarta.xml.bind-api\2.3.3\jakarta.xml.bind-api-2.3.3.jar;F:\repository\jakarta\activation\jakarta.activation-api\1.2.2\jakarta.activation-api-1.2.2.jar;F:\repository\org\assertj\assertj-core\3.16.1\assertj-core-3.16.1.jar;F:\repository\org\hamcrest\hamcrest\2.2\hamcrest-2.2.jar;F:\repository\org\junit\jupiter\junit-jupiter\5.6.3\junit-jupiter-5.6.3.jar;F:\repository\org\junit\jupiter\junit-jupiter-api\5.6.3\junit-jupiter-api-5.6.3.jar;F:\repository\org\opentest4j\opentest4j\1.2.0\opentest4j-1.2.0.jar;F:\repository\org\junit\platform\junit-platform-commons\1.6.3\junit-platform-commons-1.6.3.jar;F:\repository\org\junit\jupiter\junit-jupiter-params\5.6.3\junit-jupiter-params-5.6.3.jar;F:\repository\org\junit\jupiter\junit-jupiter-engine\5.6.3\junit-jupiter-engine-5.6.3.jar;F:\repository\org\junit\vintage\junit-vintage-engine\5.6.3\junit-vintage-engine-5.6.3.jar;F:\repository\org\apiguardian\apiguardian-api\1.1.0\apiguardian-api-1.1.0.jar;F:\repository\org\junit\platform\junit-platform-engine\1.6.3\junit-platform-engine-1.6.3.jar;F:\repository\junit\junit\4.13.1\junit-4.13.1.jar;F:\repository\org\mockito\mockito-core\3.3.3\mockito-core-3.3.3.jar;F:\repository\net\bytebuddy\byte-buddy\1.10.17\byte-buddy-1.10.17.jar;F:\repository\net\bytebuddy\byte-buddy-agent\1.10.17\byte-buddy-agent-1.10.17.jar;F:\repository\org\objenesis\objenesis\2.6\objenesis-2.6.jar;F:\repository\org\mockito\mockito-junit-jupiter\3.3.3\mockito-junit-jupiter-3.3.3.jar;F:\repository\org\skyscreamer\jsonassert\1.5.0\jsonassert-1.5.0.jar;F:\repository\com\vaadin\external\google\android-json\0.0.20131108.vaadin1\android-json-0.0.20131108.vaadin1.jar;F:\repository\org\springframework\spring-test\5.2.10.RELEASE\spring-test-5.2.10.RELEASE.jar;F:\repository\org\xmlunit\xmlunit-core\2.7.0\xmlunit-core-2.7.0.jar;F:\repository\com\github\snakerflow\snaker-core\2.4.0\snaker-core-2.4.0.jar;F:\repository\cglib\cglib-nodep\2.2\cglib-nodep-2.2.jar;F:\repository\org\codehaus\jackson\jackson-mapper-asl\1.9.4\jackson-mapper-asl-1.9.4.jar;F:\repository\org\codehaus\jackson\jackson-core-asl\1.9.4\jackson-core-asl-1.9.4.jar;F:\repository\commons-lang\commons-lang\2.5\commons-lang-2.5.jar;F:\repository\commons-beanutils\commons-beanutils\1.8.3\commons-beanutils-1.8.3.jar;F:\repository\commons-logging\commons-logging\1.1.1\commons-logging-1.1.1.jar;F:\repository\joda-time\joda-time\2.3\joda-time-2.3.jar;F:\repository\com\github\snakerflow\snaker-spring\2.4.0\snaker-spring-2.4.0.jar;F:\repository\org\aspectj\aspectjrt\1.9.6\aspectjrt-1.9.6.jar;F:\repository\org\aspectj\aspectjweaver\1.9.6\aspectjweaver-1.9.6.jar;F:\repository\com\github\snakerflow\snaker-mybatis\2.4.0\snaker-mybatis-2.4.0.jar;F:\repository\com\baomidou\mybatis-plus-boot-starter\3.0.6\mybatis-plus-boot-starter-3.0.6.jar;F:\repository\com\baomidou\mybatis-plus\3.0.6\mybatis-plus-3.0.6.jar;F:\repository\com\baomidou\mybatis-plus-extension\3.0.6\mybatis-plus-extension-3.0.6.jar;F:\repository\com\baomidou\mybatis-plus-core\3.0.6\mybatis-plus-core-3.0.6.jar;F:\repository\com\baomidou\mybatis-plus-annotation\3.0.6\mybatis-plus-annotation-3.0.6.jar;F:\repository\com\baomidou\mybatis-plus-generator\3.0.6\mybatis-plus-generator-3.0.6.jar;F:\repository\org\apache\velocity\velocity-engine-core\2.0\velocity-engine-core-2.0.jar;F:\repository\org\apache\commons\commons-lang3\3.10\commons-lang3-3.10.jar;F:\repository\org\slf4j\slf4j-api\1.7.30\slf4j-api-1.7.30.jar;F:\repository\org\freemarker\freemarker\2.3.30\freemarker-2.3.30.jar;F:\repository\commons-dbcp\commons-dbcp\1.4\commons-dbcp-1.4.jar;F:\repository\commons-pool\commons-pool\1.6\commons-pool-1.6.jar;F:\repository\commons-dbutils\commons-dbutils\1.6\commons-dbutils-1.6.jar;F:\repository\org\springframework\spring-tx\5.2.10.RELEASE\spring-tx-5.2.10.RELEASE.jar;F:\repository\org\springframework\spring-beans\5.2.10.RELEASE\spring-beans-5.2.10.RELEASE.jar;F:\repository\org\projectlombok\lombok\1.18.16\lombok-1.18.16.jar;F:\repository\com\github\pagehelper\pagehelper\5.2.0\pagehelper-5.2.0.jar;F:\repository\com\github\jsqlparser\jsqlparser\3.2\jsqlparser-3.2.jar;F:\repository\com\github\pagehelper\pagehelper-spring-boot-autoconfigure\1.3.0\pagehelper-spring-boot-autoconfigure-1.3.0.jar;F:\repository\com\github\pagehelper\pagehelper-spring-boot-starter\1.3.0\pagehelper-spring-boot-starter-1.3.0.jar;F:\repository\org\mybatis\spring\boot\mybatis-spring-boot-starter\2.1.3\mybatis-spring-boot-starter-2.1.3.jar;F:\repository\org\mybatis\spring\boot\mybatis-spring-boot-autoconfigure\2.1.3\mybatis-spring-boot-autoconfigure-2.1.3.jar;F:\repository\org\mybatis\mybatis\3.5.5\mybatis-3.5.5.jar;F:\repository\org\mybatis\mybatis-spring\2.0.5\mybatis-spring-2.0.5.jar;F:\repository\com\google\code\google-collections\google-collect\snapshot-20080530\google-collect-snapshot-20080530.jar;F:\repository\org\apache\shiro\shiro-core\1.2.1\shiro-core-1.2.1.jar;F:\repository\org\apache\shiro\shiro-spring\1.2.1\shiro-spring-1.2.1.jar;F:\repository\org\apache\shiro\shiro-web\1.2.1\shiro-web-1.2.1.jar;F:\repository\org\apache\shiro\shiro-ehcache\1.2.1\shiro-ehcache-1.2.1.jar;F:\repository\net\sf\ehcache\ehcache-core\2.5.0\ehcache-core-2.5.0.jar;F:\repository\org\apache\directory\studio\org.apache.commons.codec\1.8\org.apache.commons.codec-1.8.jar;F:\repository\commons-codec\commons-codec\1.14\commons-codec-1.14.jar;F:\repository\com\alibaba\fastjson\1.2.3\fastjson-1.2.3.jar;F:\repository\io\springfox\springfox-boot-starter\3.0.0\springfox-boot-starter-3.0.0.jar;F:\repository\io\springfox\springfox-oas\3.0.0\springfox-oas-3.0.0.jar;F:\repository\io\swagger\core\v3\swagger-annotations\2.1.2\swagger-annotations-2.1.2.jar;F:\repository\io\swagger\core\v3\swagger-models\2.1.2\swagger-models-2.1.2.jar;F:\repository\io\springfox\springfox-spi\3.0.0\springfox-spi-3.0.0.jar;F:\repository\io\springfox\springfox-schema\3.0.0\springfox-schema-3.0.0.jar;F:\repository\io\springfox\springfox-core\3.0.0\springfox-core-3.0.0.jar;F:\repository\io\springfox\springfox-spring-web\3.0.0\springfox-spring-web-3.0.0.jar;F:\repository\io\github\classgraph\classgraph\4.8.83\classgraph-4.8.83.jar;F:\repository\io\springfox\springfox-spring-webmvc\3.0.0\springfox-spring-webmvc-3.0.0.jar;F:\repository\io\springfox\springfox-spring-webflux\3.0.0\springfox-spring-webflux-3.0.0.jar;F:\repository\io\springfox\springfox-swagger-common\3.0.0\springfox-swagger-common-3.0.0.jar;F:\repository\org\mapstruct\mapstruct\1.3.1.Final\mapstruct-1.3.1.Final.jar;F:\repository\io\springfox\springfox-data-rest\3.0.0\springfox-data-rest-3.0.0.jar;F:\repository\io\springfox\springfox-bean-validators\3.0.0\springfox-bean-validators-3.0.0.jar;F:\repository\io\springfox\springfox-swagger2\3.0.0\springfox-swagger2-3.0.0.jar;F:\repository\io\swagger\swagger-annotations\1.5.20\swagger-annotations-1.5.20.jar;F:\repository\io\swagger\swagger-models\1.5.20\swagger-models-1.5.20.jar;F:\repository\io\springfox\springfox-swagger-ui\3.0.0\springfox-swagger-ui-3.0.0.jar;F:\repository\com\fasterxml\classmate\1.5.1\classmate-1.5.1.jar;F:\repository\org\springframework\plugin\spring-plugin-metadata\2.0.0.RELEASE\spring-plugin-metadata-2.0.0.RELEASE.jar;F:\repository\com\github\xiaoymin\knife4j-spring-boot-starter\3.0.2\knife4j-spring-boot-starter-3.0.2.jar;F:\repository\com\github\xiaoymin\knife4j-spring-boot-autoconfigure\3.0.2\knife4j-spring-boot-autoconfigure-3.0.2.jar;F:\repository\com\github\xiaoymin\knife4j-spring\3.0.2\knife4j-spring-3.0.2.jar;F:\repository\com\github\xiaoymin\knife4j-annotations\3.0.2\knife4j-annotations-3.0.2.jar;F:\repository\com\github\xiaoymin\knife4j-core\3.0.2\knife4j-core-3.0.2.jar;F:\repository\org\javassist\javassist\3.25.0-GA\javassist-3.25.0-GA.jar;F:\repository\io\swagger\swagger-core\1.5.22\swagger-core-1.5.22.jar;F:\repository\com\fasterxml\jackson\dataformat\jackson-dataformat-yaml\2.11.3\jackson-dataformat-yaml-2.11.3.jar;F:\repository\com\google\guava\guava\27.0.1-android\guava-27.0.1-android.jar;F:\repository\com\google\guava\failureaccess\1.0.1\failureaccess-1.0.1.jar;F:\repository\com\google\guava\listenablefuture\9999.0-empty-to-avoid-conflict-with-guava\listenablefuture-9999.0-empty-to-avoid-conflict-with-guava.jar;F:\repository\com\google\code\findbugs\jsr305\3.0.2\jsr305-3.0.2.jar;F:\repository\org\checkerframework\checker-compat-qual\2.5.2\checker-compat-qual-2.5.2.jar;F:\repository\com\google\errorprone\error_prone_annotations\2.2.0\error_prone_annotations-2.2.0.jar;F:\repository\com\google\j2objc\j2objc-annotations\1.1\j2objc-annotations-1.1.jar;F:\repository\org\codehaus\mojo\animal-sniffer-annotations\1.17\animal-sniffer-annotations-1.17.jar;F:\repository\javax\validation\validation-api\2.0.1.Final\validation-api-2.0.1.Final.jar;F:\repository\com\github\xiaoymin\knife4j-spring-ui\3.0.2\knife4j-spring-ui-3.0.2.jar;F:\repository\org\springframework\spring-web\5.2.10.RELEASE\spring-web-5.2.10.RELEASE.jar;F:\repository\io\projectreactor\reactor-core\3.4.6\reactor-core-3.4.6.jar;F:\repository\org\reactivestreams\reactive-streams\1.0.3\reactive-streams-1.0.3.jar;F:\repository\org\springframework\plugin\spring-plugin-core\2.0.0.RELEASE\spring-plugin-core-2.0.0.RELEASE.jar;F:\repository\org\springframework\spring-context\5.2.10.RELEASE\spring-context-5.2.10.RELEASE.jar;F:\repository\org\springframework\spring-aop\5.2.10.RELEASE\spring-aop-5.2.10.RELEASE.jar;F:\repository\org\springframework\boot\spring-boot-starter-aop\2.3.5.RELEASE\spring-boot-starter-aop-2.3.5.RELEASE.jar;F:\repository\ch\qos\logback\logback-classic\1.2.3\logback-classic-1.2.3.jar;F:\repository\ch\qos\logback\logback-core\1.2.3\logback-core-1.2.3.jar;"/>
    <property name="java.vm.vendor" value="Oracle Corporation"/>
    <property name="sun.arch.data.model" value="64"/>
    <property name="user.variant" value=""/>
    <property name="java.vendor.url" value="http://java.oracle.com/"/>
    <property name="user.timezone" value="Asia/Shanghai"/>
    <property name="java.vm.specification.version" value="1.8"/>
    <property name="os.name" value="Windows 10"/>
    <property name="user.country" value="CN"/>
    <property name="sun.java.launcher" value="SUN_STANDARD"/>
    <property name="sun.boot.library.path" value="D:\Program Files\Java\jdk1.8.0_261\jre\bin"/>
    <property name="sun.java.command" value="C:\Users\piaoge\AppData\Local\Temp\surefire4941342883902821220\surefirebooter8282100631095135206.jar C:\Users\piaoge\AppData\Local\Temp\surefire4941342883902821220 2021-06-25T10-20-53_486-jvmRun1 surefire7420830799986212195tmp surefire_07309832022131755926tmp"/>
    <property name="surefire.test.class.path" value="F:\project\exercisesys\springboot-snakerflow\target\test-classes;F:\project\exercisesys\springboot-snakerflow\target\classes;F:\repository\org\springframework\boot\spring-boot-starter\2.3.5.RELEASE\spring-boot-starter-2.3.5.RELEASE.jar;F:\repository\org\springframework\boot\spring-boot\2.3.5.RELEASE\spring-boot-2.3.5.RELEASE.jar;F:\repository\org\springframework\boot\spring-boot-starter-logging\2.3.5.RELEASE\spring-boot-starter-logging-2.3.5.RELEASE.jar;F:\repository\org\apache\logging\log4j\log4j-to-slf4j\2.13.3\log4j-to-slf4j-2.13.3.jar;F:\repository\org\apache\logging\log4j\log4j-api\2.13.3\log4j-api-2.13.3.jar;F:\repository\org\slf4j\jul-to-slf4j\1.7.30\jul-to-slf4j-1.7.30.jar;F:\repository\jakarta\annotation\jakarta.annotation-api\1.3.5\jakarta.annotation-api-1.3.5.jar;F:\repository\org\springframework\spring-core\5.2.10.RELEASE\spring-core-5.2.10.RELEASE.jar;F:\repository\org\springframework\spring-jcl\5.2.10.RELEASE\spring-jcl-5.2.10.RELEASE.jar;F:\repository\org\yaml\snakeyaml\1.26\snakeyaml-1.26.jar;F:\repository\org\springframework\boot\spring-boot-starter-jdbc\2.3.5.RELEASE\spring-boot-starter-jdbc-2.3.5.RELEASE.jar;F:\repository\com\zaxxer\HikariCP\3.4.5\HikariCP-3.4.5.jar;F:\repository\org\springframework\spring-jdbc\5.2.10.RELEASE\spring-jdbc-5.2.10.RELEASE.jar;F:\repository\org\springframework\boot\spring-boot-autoconfigure\2.3.5.RELEASE\spring-boot-autoconfigure-2.3.5.RELEASE.jar;F:\repository\org\springframework\boot\spring-boot-starter-web\2.3.5.RELEASE\spring-boot-starter-web-2.3.5.RELEASE.jar;F:\repository\org\springframework\boot\spring-boot-starter-json\2.3.5.RELEASE\spring-boot-starter-json-2.3.5.RELEASE.jar;F:\repository\com\fasterxml\jackson\core\jackson-databind\2.11.3\jackson-databind-2.11.3.jar;F:\repository\com\fasterxml\jackson\core\jackson-annotations\2.11.3\jackson-annotations-2.11.3.jar;F:\repository\com\fasterxml\jackson\core\jackson-core\2.11.3\jackson-core-2.11.3.jar;F:\repository\com\fasterxml\jackson\datatype\jackson-datatype-jdk8\2.11.3\jackson-datatype-jdk8-2.11.3.jar;F:\repository\com\fasterxml\jackson\datatype\jackson-datatype-jsr310\2.11.3\jackson-datatype-jsr310-2.11.3.jar;F:\repository\com\fasterxml\jackson\module\jackson-module-parameter-names\2.11.3\jackson-module-parameter-names-2.11.3.jar;F:\repository\org\springframework\spring-webmvc\5.2.10.RELEASE\spring-webmvc-5.2.10.RELEASE.jar;F:\repository\org\springframework\spring-expression\5.2.10.RELEASE\spring-expression-5.2.10.RELEASE.jar;F:\repository\org\springframework\boot\spring-boot-starter-tomcat\2.3.5.RELEASE\spring-boot-starter-tomcat-2.3.5.RELEASE.jar;F:\repository\org\apache\tomcat\embed\tomcat-embed-core\9.0.39\tomcat-embed-core-9.0.39.jar;F:\repository\org\glassfish\jakarta.el\3.0.3\jakarta.el-3.0.3.jar;F:\repository\org\apache\tomcat\embed\tomcat-embed-websocket\9.0.39\tomcat-embed-websocket-9.0.39.jar;F:\repository\org\springframework\boot\spring-boot-configuration-processor\2.3.5.RELEASE\spring-boot-configuration-processor-2.3.5.RELEASE.jar;F:\repository\mysql\mysql-connector-java\8.0.17\mysql-connector-java-8.0.17.jar;F:\repository\org\springframework\boot\spring-boot-starter-test\2.3.5.RELEASE\spring-boot-starter-test-2.3.5.RELEASE.jar;F:\repository\org\springframework\boot\spring-boot-test\2.3.5.RELEASE\spring-boot-test-2.3.5.RELEASE.jar;F:\repository\org\springframework\boot\spring-boot-test-autoconfigure\2.3.5.RELEASE\spring-boot-test-autoconfigure-2.3.5.RELEASE.jar;F:\repository\com\jayway\jsonpath\json-path\2.4.0\json-path-2.4.0.jar;F:\repository\net\minidev\json-smart\2.3\json-smart-2.3.jar;F:\repository\net\minidev\accessors-smart\1.2\accessors-smart-1.2.jar;F:\repository\org\ow2\asm\asm\5.0.4\asm-5.0.4.jar;F:\repository\jakarta\xml\bind\jakarta.xml.bind-api\2.3.3\jakarta.xml.bind-api-2.3.3.jar;F:\repository\jakarta\activation\jakarta.activation-api\1.2.2\jakarta.activation-api-1.2.2.jar;F:\repository\org\assertj\assertj-core\3.16.1\assertj-core-3.16.1.jar;F:\repository\org\hamcrest\hamcrest\2.2\hamcrest-2.2.jar;F:\repository\org\junit\jupiter\junit-jupiter\5.6.3\junit-jupiter-5.6.3.jar;F:\repository\org\junit\jupiter\junit-jupiter-api\5.6.3\junit-jupiter-api-5.6.3.jar;F:\repository\org\opentest4j\opentest4j\1.2.0\opentest4j-1.2.0.jar;F:\repository\org\junit\platform\junit-platform-commons\1.6.3\junit-platform-commons-1.6.3.jar;F:\repository\org\junit\jupiter\junit-jupiter-params\5.6.3\junit-jupiter-params-5.6.3.jar;F:\repository\org\junit\jupiter\junit-jupiter-engine\5.6.3\junit-jupiter-engine-5.6.3.jar;F:\repository\org\junit\vintage\junit-vintage-engine\5.6.3\junit-vintage-engine-5.6.3.jar;F:\repository\org\apiguardian\apiguardian-api\1.1.0\apiguardian-api-1.1.0.jar;F:\repository\org\junit\platform\junit-platform-engine\1.6.3\junit-platform-engine-1.6.3.jar;F:\repository\junit\junit\4.13.1\junit-4.13.1.jar;F:\repository\org\mockito\mockito-core\3.3.3\mockito-core-3.3.3.jar;F:\repository\net\bytebuddy\byte-buddy\1.10.17\byte-buddy-1.10.17.jar;F:\repository\net\bytebuddy\byte-buddy-agent\1.10.17\byte-buddy-agent-1.10.17.jar;F:\repository\org\objenesis\objenesis\2.6\objenesis-2.6.jar;F:\repository\org\mockito\mockito-junit-jupiter\3.3.3\mockito-junit-jupiter-3.3.3.jar;F:\repository\org\skyscreamer\jsonassert\1.5.0\jsonassert-1.5.0.jar;F:\repository\com\vaadin\external\google\android-json\0.0.20131108.vaadin1\android-json-0.0.20131108.vaadin1.jar;F:\repository\org\springframework\spring-test\5.2.10.RELEASE\spring-test-5.2.10.RELEASE.jar;F:\repository\org\xmlunit\xmlunit-core\2.7.0\xmlunit-core-2.7.0.jar;F:\repository\com\github\snakerflow\snaker-core\2.4.0\snaker-core-2.4.0.jar;F:\repository\cglib\cglib-nodep\2.2\cglib-nodep-2.2.jar;F:\repository\org\codehaus\jackson\jackson-mapper-asl\1.9.4\jackson-mapper-asl-1.9.4.jar;F:\repository\org\codehaus\jackson\jackson-core-asl\1.9.4\jackson-core-asl-1.9.4.jar;F:\repository\commons-lang\commons-lang\2.5\commons-lang-2.5.jar;F:\repository\commons-beanutils\commons-beanutils\1.8.3\commons-beanutils-1.8.3.jar;F:\repository\commons-logging\commons-logging\1.1.1\commons-logging-1.1.1.jar;F:\repository\joda-time\joda-time\2.3\joda-time-2.3.jar;F:\repository\com\github\snakerflow\snaker-spring\2.4.0\snaker-spring-2.4.0.jar;F:\repository\org\aspectj\aspectjrt\1.9.6\aspectjrt-1.9.6.jar;F:\repository\org\aspectj\aspectjweaver\1.9.6\aspectjweaver-1.9.6.jar;F:\repository\com\github\snakerflow\snaker-mybatis\2.4.0\snaker-mybatis-2.4.0.jar;F:\repository\com\baomidou\mybatis-plus-boot-starter\3.0.6\mybatis-plus-boot-starter-3.0.6.jar;F:\repository\com\baomidou\mybatis-plus\3.0.6\mybatis-plus-3.0.6.jar;F:\repository\com\baomidou\mybatis-plus-extension\3.0.6\mybatis-plus-extension-3.0.6.jar;F:\repository\com\baomidou\mybatis-plus-core\3.0.6\mybatis-plus-core-3.0.6.jar;F:\repository\com\baomidou\mybatis-plus-annotation\3.0.6\mybatis-plus-annotation-3.0.6.jar;F:\repository\com\baomidou\mybatis-plus-generator\3.0.6\mybatis-plus-generator-3.0.6.jar;F:\repository\org\apache\velocity\velocity-engine-core\2.0\velocity-engine-core-2.0.jar;F:\repository\org\apache\commons\commons-lang3\3.10\commons-lang3-3.10.jar;F:\repository\org\slf4j\slf4j-api\1.7.30\slf4j-api-1.7.30.jar;F:\repository\org\freemarker\freemarker\2.3.30\freemarker-2.3.30.jar;F:\repository\commons-dbcp\commons-dbcp\1.4\commons-dbcp-1.4.jar;F:\repository\commons-pool\commons-pool\1.6\commons-pool-1.6.jar;F:\repository\commons-dbutils\commons-dbutils\1.6\commons-dbutils-1.6.jar;F:\repository\org\springframework\spring-tx\5.2.10.RELEASE\spring-tx-5.2.10.RELEASE.jar;F:\repository\org\springframework\spring-beans\5.2.10.RELEASE\spring-beans-5.2.10.RELEASE.jar;F:\repository\org\projectlombok\lombok\1.18.16\lombok-1.18.16.jar;F:\repository\com\github\pagehelper\pagehelper\5.2.0\pagehelper-5.2.0.jar;F:\repository\com\github\jsqlparser\jsqlparser\3.2\jsqlparser-3.2.jar;F:\repository\com\github\pagehelper\pagehelper-spring-boot-autoconfigure\1.3.0\pagehelper-spring-boot-autoconfigure-1.3.0.jar;F:\repository\com\github\pagehelper\pagehelper-spring-boot-starter\1.3.0\pagehelper-spring-boot-starter-1.3.0.jar;F:\repository\org\mybatis\spring\boot\mybatis-spring-boot-starter\2.1.3\mybatis-spring-boot-starter-2.1.3.jar;F:\repository\org\mybatis\spring\boot\mybatis-spring-boot-autoconfigure\2.1.3\mybatis-spring-boot-autoconfigure-2.1.3.jar;F:\repository\org\mybatis\mybatis\3.5.5\mybatis-3.5.5.jar;F:\repository\org\mybatis\mybatis-spring\2.0.5\mybatis-spring-2.0.5.jar;F:\repository\com\google\code\google-collections\google-collect\snapshot-20080530\google-collect-snapshot-20080530.jar;F:\repository\org\apache\shiro\shiro-core\1.2.1\shiro-core-1.2.1.jar;F:\repository\org\apache\shiro\shiro-spring\1.2.1\shiro-spring-1.2.1.jar;F:\repository\org\apache\shiro\shiro-web\1.2.1\shiro-web-1.2.1.jar;F:\repository\org\apache\shiro\shiro-ehcache\1.2.1\shiro-ehcache-1.2.1.jar;F:\repository\net\sf\ehcache\ehcache-core\2.5.0\ehcache-core-2.5.0.jar;F:\repository\org\apache\directory\studio\org.apache.commons.codec\1.8\org.apache.commons.codec-1.8.jar;F:\repository\commons-codec\commons-codec\1.14\commons-codec-1.14.jar;F:\repository\com\alibaba\fastjson\1.2.3\fastjson-1.2.3.jar;F:\repository\io\springfox\springfox-boot-starter\3.0.0\springfox-boot-starter-3.0.0.jar;F:\repository\io\springfox\springfox-oas\3.0.0\springfox-oas-3.0.0.jar;F:\repository\io\swagger\core\v3\swagger-annotations\2.1.2\swagger-annotations-2.1.2.jar;F:\repository\io\swagger\core\v3\swagger-models\2.1.2\swagger-models-2.1.2.jar;F:\repository\io\springfox\springfox-spi\3.0.0\springfox-spi-3.0.0.jar;F:\repository\io\springfox\springfox-schema\3.0.0\springfox-schema-3.0.0.jar;F:\repository\io\springfox\springfox-core\3.0.0\springfox-core-3.0.0.jar;F:\repository\io\springfox\springfox-spring-web\3.0.0\springfox-spring-web-3.0.0.jar;F:\repository\io\github\classgraph\classgraph\4.8.83\classgraph-4.8.83.jar;F:\repository\io\springfox\springfox-spring-webmvc\3.0.0\springfox-spring-webmvc-3.0.0.jar;F:\repository\io\springfox\springfox-spring-webflux\3.0.0\springfox-spring-webflux-3.0.0.jar;F:\repository\io\springfox\springfox-swagger-common\3.0.0\springfox-swagger-common-3.0.0.jar;F:\repository\org\mapstruct\mapstruct\1.3.1.Final\mapstruct-1.3.1.Final.jar;F:\repository\io\springfox\springfox-data-rest\3.0.0\springfox-data-rest-3.0.0.jar;F:\repository\io\springfox\springfox-bean-validators\3.0.0\springfox-bean-validators-3.0.0.jar;F:\repository\io\springfox\springfox-swagger2\3.0.0\springfox-swagger2-3.0.0.jar;F:\repository\io\swagger\swagger-annotations\1.5.20\swagger-annotations-1.5.20.jar;F:\repository\io\swagger\swagger-models\1.5.20\swagger-models-1.5.20.jar;F:\repository\io\springfox\springfox-swagger-ui\3.0.0\springfox-swagger-ui-3.0.0.jar;F:\repository\com\fasterxml\classmate\1.5.1\classmate-1.5.1.jar;F:\repository\org\springframework\plugin\spring-plugin-metadata\2.0.0.RELEASE\spring-plugin-metadata-2.0.0.RELEASE.jar;F:\repository\com\github\xiaoymin\knife4j-spring-boot-starter\3.0.2\knife4j-spring-boot-starter-3.0.2.jar;F:\repository\com\github\xiaoymin\knife4j-spring-boot-autoconfigure\3.0.2\knife4j-spring-boot-autoconfigure-3.0.2.jar;F:\repository\com\github\xiaoymin\knife4j-spring\3.0.2\knife4j-spring-3.0.2.jar;F:\repository\com\github\xiaoymin\knife4j-annotations\3.0.2\knife4j-annotations-3.0.2.jar;F:\repository\com\github\xiaoymin\knife4j-core\3.0.2\knife4j-core-3.0.2.jar;F:\repository\org\javassist\javassist\3.25.0-GA\javassist-3.25.0-GA.jar;F:\repository\io\swagger\swagger-core\1.5.22\swagger-core-1.5.22.jar;F:\repository\com\fasterxml\jackson\dataformat\jackson-dataformat-yaml\2.11.3\jackson-dataformat-yaml-2.11.3.jar;F:\repository\com\google\guava\guava\27.0.1-android\guava-27.0.1-android.jar;F:\repository\com\google\guava\failureaccess\1.0.1\failureaccess-1.0.1.jar;F:\repository\com\google\guava\listenablefuture\9999.0-empty-to-avoid-conflict-with-guava\listenablefuture-9999.0-empty-to-avoid-conflict-with-guava.jar;F:\repository\com\google\code\findbugs\jsr305\3.0.2\jsr305-3.0.2.jar;F:\repository\org\checkerframework\checker-compat-qual\2.5.2\checker-compat-qual-2.5.2.jar;F:\repository\com\google\errorprone\error_prone_annotations\2.2.0\error_prone_annotations-2.2.0.jar;F:\repository\com\google\j2objc\j2objc-annotations\1.1\j2objc-annotations-1.1.jar;F:\repository\org\codehaus\mojo\animal-sniffer-annotations\1.17\animal-sniffer-annotations-1.17.jar;F:\repository\javax\validation\validation-api\2.0.1.Final\validation-api-2.0.1.Final.jar;F:\repository\com\github\xiaoymin\knife4j-spring-ui\3.0.2\knife4j-spring-ui-3.0.2.jar;F:\repository\org\springframework\spring-web\5.2.10.RELEASE\spring-web-5.2.10.RELEASE.jar;F:\repository\io\projectreactor\reactor-core\3.4.6\reactor-core-3.4.6.jar;F:\repository\org\reactivestreams\reactive-streams\1.0.3\reactive-streams-1.0.3.jar;F:\repository\org\springframework\plugin\spring-plugin-core\2.0.0.RELEASE\spring-plugin-core-2.0.0.RELEASE.jar;F:\repository\org\springframework\spring-context\5.2.10.RELEASE\spring-context-5.2.10.RELEASE.jar;F:\repository\org\springframework\spring-aop\5.2.10.RELEASE\spring-aop-5.2.10.RELEASE.jar;F:\repository\org\springframework\boot\spring-boot-starter-aop\2.3.5.RELEASE\spring-boot-starter-aop-2.3.5.RELEASE.jar;F:\repository\ch\qos\logback\logback-classic\1.2.3\logback-classic-1.2.3.jar;F:\repository\ch\qos\logback\logback-core\1.2.3\logback-core-1.2.3.jar;"/>
    <property name="sun.cpu.endian" value="little"/>
    <property name="user.home" value="C:\Users\piaoge"/>
    <property name="user.language" value="zh"/>
    <property name="java.specification.vendor" value="Oracle Corporation"/>
    <property name="java.home" value="D:\Program Files\Java\jdk1.8.0_261\jre"/>
    <property name="basedir" value="F:\project\exercisesys\springboot-snakerflow"/>
    <property name="file.separator" value="\"/>
    <property name="line.separator" value="&#10;"/>
    <property name="java.vm.specification.vendor" value="Oracle Corporation"/>
    <property name="java.specification.name" value="Java Platform API Specification"/>
    <property name="java.awt.graphicsenv" value="sun.awt.Win32GraphicsEnvironment"/>
    <property name="surefire.real.class.path" value="C:\Users\piaoge\AppData\Local\Temp\surefire4941342883902821220\surefirebooter8282100631095135206.jar"/>
    <property name="sun.boot.class.path" value="D:\Program Files\Java\jdk1.8.0_261\jre\lib\resources.jar;D:\Program Files\Java\jdk1.8.0_261\jre\lib\rt.jar;D:\Program Files\Java\jdk1.8.0_261\jre\lib\sunrsasign.jar;D:\Program Files\Java\jdk1.8.0_261\jre\lib\jsse.jar;D:\Program Files\Java\jdk1.8.0_261\jre\lib\jce.jar;D:\Program Files\Java\jdk1.8.0_261\jre\lib\charsets.jar;D:\Program Files\Java\jdk1.8.0_261\jre\lib\jfr.jar;D:\Program Files\Java\jdk1.8.0_261\jre\classes"/>
    <property name="user.script" value=""/>
    <property name="sun.management.compiler" value="HotSpot 64-Bit Tiered Compilers"/>
    <property name="java.runtime.version" value="1.8.0_261-b12"/>
    <property name="user.name" value="pm"/>
    <property name="path.separator" value=";"/>
    <property name="os.version" value="10.0"/>
    <property name="java.endorsed.dirs" value="D:\Program Files\Java\jdk1.8.0_261\jre\lib\endorsed"/>
    <property name="java.runtime.name" value="Java(TM) SE Runtime Environment"/>
    <property name="file.encoding" value="GBK"/>
    <property name="java.vm.name" value="Java HotSpot(TM) 64-Bit Server VM"/>
    <property name="localRepository" value="F:\repository"/>
    <property name="java.vendor.url.bug" value="http://bugreport.sun.com/bugreport/"/>
    <property name="java.io.tmpdir" value="C:\Users\piaoge\AppData\Local\Temp\"/>
    <property name="idea.version" value="2020.3.2"/>
    <property name="java.version" value="1.8.0_261"/>
    <property name="user.dir" value="F:\project\exercisesys\springboot-snakerflow"/>
    <property name="os.arch" value="amd64"/>
    <property name="java.vm.specification.name" value="Java Virtual Machine Specification"/>
    <property name="java.awt.printerjob" value="sun.awt.windows.WPrinterJob"/>
    <property name="sun.os.patch.level" value=""/>
    <property name="java.library.path" value="D:\Program Files\Java\jdk1.8.0_261\jre\bin;C:\Windows\Sun\Java\bin;C:\Windows\system32;C:\Windows;F:\app\piaoge\product\11.2.0\dbhome_3\bin;F:\app\piaoge\product\11.2.0\dbhome_2\bin;F:\app\piaoge\product\11.2.0\dbhome_1\bin;D:\Program Files (x86)\NetSarang\Xshell 6\;C:\Program Files (x86)\Common Files\Oracle\Java\javapath;D:\Python27;C:\Windows\system32;C:\Windows;C:\Windows\System32\Wbem;C:\Windows\System32\WindowsPowerShell\v1.0\;C:\Windows\System32\OpenSSH\;C:\Program Files (x86)\NVIDIA Corporation\PhysX\Common;C:\Program Files\NVIDIA Corporation\NVIDIA NvDLISR;D:\ctags58\ctags.exe;%MavenHome%\bin;D:\mysql-8.0.22-winx64\bin;D:\Program Files\Git\cmd;D:\Program Files\TortoiseGit\bin;C:\Users\piaoge\AppData\Roaming\npm;D:\node14\;D:\Program Files\Java\jdk1.8.0_261\bin;D:\Program Files\TortoiseSVN\bin;D:\Program Files (x86)\NetSarang\Xmanager 7\;D:\Program Files (x86)\NetSarang\Xshell 7\;D:\Program Files (x86)\NetSarang\Xftp 7\;D:\Program Files (x86)\NetSarang\Xlpd 7\;C:\Users\piaoge\AppData\Local\Microsoft\WindowsApps;D:\Programs\Microsoft VS Code\bin;F:\apache-maven-3.6.3\bin;D:\Program Files\JetBrains\IntelliJ IDEA 2020.3.2\bin;;C:\Users\piaoge\AppData\Roaming\npm;D:\node14\node_global\node_modules;%NODE_HOME%;D:\node14;D:\node14\node_global;C:\Users\piaoge\AppData\Local\Android\Sdk\\platform-tools;C:\Users\piaoge\AppData\Local\Android\Sdk\platform-tools;D:\Program Files\nginx-1.18.0;D:\Program Files\nginx-1.18.0\conf;D:\Program Files\Java\jdk1.8.0_261\bin;D:\Program Files\Java\jdk1.8.0_261\jre\bin;D:\Program Files\erl-24.0\bin;D:\Program Files\RabbitMQ Server\rabbitmq_server-3.8.16\sbin;;."/>
    <property name="java.vm.info" value="mixed mode"/>
    <property name="java.vendor" value="Oracle Corporation"/>
    <property name="java.vm.version" value="25.261-b12"/>
    <property name="java.ext.dirs" value="D:\Program Files\Java\jdk1.8.0_261\jre\lib\ext;C:\Windows\Sun\Java\lib\ext"/>
    <property name="sun.io.unicode.encoding" value="UnicodeLittle"/>
    <property name="maven.repo.local" value="F:\repository"/>
    <property name="java.class.version" value="52.0"/>
  </properties>
  <testcase name="userTaskList" classname="com.snaker.system.DemoApplicationTests" time="0.226"/>
  <testcase name="contextLoads" classname="com.snaker.system.DemoApplicationTests" time="0.011">
    <error type="java.lang.NullPointerException">java.lang.NullPointerException
	at com.snaker.system.DemoApplicationTests.contextLoads(DemoApplicationTests.java:37)
</error>
    <system-out><![CDATA[10:21:00.448 [main] INFO  c.s.framework.config.aop.LogAdvice - ==============发起请求：==============
]]></system-out>
  </testcase>
</testsuite>